CRITICAL - 2022-05-25 07:57:27 --> Class 'App\Controllers\REST_Controller' not found
#0 /home/ankitparastechno/public_html/ebikes/vendor/codeigniter4/framework/system/CodeIgniter.php(832): App\Controllers\Auth->register()
#1 /home/ankitparastechno/public_html/ebikes/vendor/codeigniter4/framework/system/CodeIgniter.php(419): CodeIgniter\CodeIgniter->runController(Object(App\Controllers\Auth))
#2 /home/ankitparastechno/public_html/ebikes/vendor/codeigniter4/framework/system/CodeIgniter.php(326): CodeIgniter\CodeIgniter->handleRequest(NULL, Object(Config\Cache), false)
#3 /home/ankitparastechno/public_html/ebikes/index.php(37): CodeIgniter\CodeIgniter->run()
#4 {main}
ERROR - 2022-05-25 08:04:14 --> Duplicate entry 'testy@test.com' for key 'email'
CRITICAL - 2022-05-25 08:04:14 --> Duplicate entry 'testy@test.com' for key 'email'
#0 /home/ankitparastechno/public_html/ebikes/vendor/codeigniter4/framework/system/Database/MySQLi/Connection.php(292): mysqli->query('INSERT INTO `us...', 0)
#1 /home/ankitparastechno/public_html/ebikes/vendor/codeigniter4/framework/system/Database/BaseConnection.php(670): CodeIgniter\Database\MySQLi\Connection->execute('INSERT INTO `us...')
#2 /home/ankitparastechno/public_html/ebikes/vendor/codeigniter4/framework/system/Database/BaseConnection.php(598): CodeIgniter\Database\BaseConnection->simpleQuery('INSERT INTO `us...')
#3 /home/ankitparastechno/public_html/ebikes/vendor/codeigniter4/framework/system/Database/BaseBuilder.php(1771): CodeIgniter\Database\BaseConnection->query('INSERT INTO `us...', Array, false)
#4 /home/ankitparastechno/public_html/ebikes/vendor/codeigniter4/framework/system/Model.php(239): CodeIgniter\Database\BaseBuilder->insert()
#5 /home/ankitparastechno/public_html/ebikes/vendor/codeigniter4/framework/system/BaseModel.php(738): CodeIgniter\Model->doInsert(Array)
#6 /home/ankitparastechno/public_html/ebikes/vendor/codeigniter4/framework/system/Model.php(625): CodeIgniter\BaseModel->insert(Array, false)
#7 /home/ankitparastechno/public_html/ebikes/vendor/codeigniter4/framework/system/BaseModel.php(658): CodeIgniter\Model->insert(Array, false)
#8 /home/ankitparastechno/public_html/ebikes/app/Controllers/Auth.php(40): CodeIgniter\BaseModel->save(Array)
#9 /home/ankitparastechno/public_html/ebikes/vendor/codeigniter4/framework/system/CodeIgniter.php(832): App\Controllers\Auth->register()
#10 /home/ankitparastechno/public_html/ebikes/vendor/codeigniter4/framework/system/CodeIgniter.php(419): CodeIgniter\CodeIgniter->runController(Object(App\Controllers\Auth))
#11 /home/ankitparastechno/public_html/ebikes/vendor/codeigniter4/framework/system/CodeIgniter.php(326): CodeIgniter\CodeIgniter->handleRequest(NULL, Object(Config\Cache), false)
#12 /home/ankitparastechno/public_html/ebikes/index.php(37): CodeIgniter\CodeIgniter->run()
#13 {main}
