ERROR - 2022-06-22 04:52:16 --> Unknown column 'addon' in 'field list'
CRITICAL - 2022-06-22 04:52:16 --> Unknown column 'addon' in 'field list'
#0 /home/ankitparastechno/public_html/ebikes/vendor/codeigniter4/framework/system/Database/MySQLi/Connection.php(292): mysqli->query('INSERT INTO `bo...', 0)
#1 /home/ankitparastechno/public_html/ebikes/vendor/codeigniter4/framework/system/Database/BaseConnection.php(670): CodeIgniter\Database\MySQLi\Connection->execute('INSERT INTO `bo...')
#2 /home/ankitparastechno/public_html/ebikes/vendor/codeigniter4/framework/system/Database/BaseConnection.php(598): CodeIgniter\Database\BaseConnection->simpleQuery('INSERT INTO `bo...')
#3 /home/ankitparastechno/public_html/ebikes/vendor/codeigniter4/framework/system/Database/BaseBuilder.php(1771): CodeIgniter\Database\BaseConnection->query('INSERT INTO `bo...', Array, false)
#4 /home/ankitparastechno/public_html/ebikes/vendor/codeigniter4/framework/system/Model.php(239): CodeIgniter\Database\BaseBuilder->insert()
#5 /home/ankitparastechno/public_html/ebikes/vendor/codeigniter4/framework/system/BaseModel.php(738): CodeIgniter\Model->doInsert(Array)
#6 /home/ankitparastechno/public_html/ebikes/vendor/codeigniter4/framework/system/Model.php(625): CodeIgniter\BaseModel->insert(Array, true)
#7 /home/ankitparastechno/public_html/ebikes/app/Controllers/Api.php(285): CodeIgniter\Model->insert(Array)
#8 /home/ankitparastechno/public_html/ebikes/vendor/codeigniter4/framework/system/CodeIgniter.php(832): App\Controllers\Api->create_booking()
#9 /home/ankitparastechno/public_html/ebikes/vendor/codeigniter4/framework/system/CodeIgniter.php(419): CodeIgniter\CodeIgniter->runController(Object(App\Controllers\Api))
#10 /home/ankitparastechno/public_html/ebikes/vendor/codeigniter4/framework/system/CodeIgniter.php(326): CodeIgniter\CodeIgniter->handleRequest(NULL, Object(Config\Cache), false)
#11 /home/ankitparastechno/public_html/ebikes/index.php(37): CodeIgniter\CodeIgniter->run()
#12 {main}
ERROR - 2022-06-22 05:13:16 --> Unknown column 'addon' in 'field list'
CRITICAL - 2022-06-22 05:13:16 --> Unknown column 'addon' in 'field list'
#0 /home/ankitparastechno/public_html/ebikes/vendor/codeigniter4/framework/system/Database/MySQLi/Connection.php(292): mysqli->query('INSERT INTO `bo...', 0)
#1 /home/ankitparastechno/public_html/ebikes/vendor/codeigniter4/framework/system/Database/BaseConnection.php(670): CodeIgniter\Database\MySQLi\Connection->execute('INSERT INTO `bo...')
#2 /home/ankitparastechno/public_html/ebikes/vendor/codeigniter4/framework/system/Database/BaseConnection.php(598): CodeIgniter\Database\BaseConnection->simpleQuery('INSERT INTO `bo...')
#3 /home/ankitparastechno/public_html/ebikes/vendor/codeigniter4/framework/system/Database/BaseBuilder.php(1771): CodeIgniter\Database\BaseConnection->query('INSERT INTO `bo...', Array, false)
#4 /home/ankitparastechno/public_html/ebikes/vendor/codeigniter4/framework/system/Model.php(239): CodeIgniter\Database\BaseBuilder->insert()
#5 /home/ankitparastechno/public_html/ebikes/vendor/codeigniter4/framework/system/BaseModel.php(738): CodeIgniter\Model->doInsert(Array)
#6 /home/ankitparastechno/public_html/ebikes/vendor/codeigniter4/framework/system/Model.php(625): CodeIgniter\BaseModel->insert(Array, true)
#7 /home/ankitparastechno/public_html/ebikes/app/Controllers/Api.php(285): CodeIgniter\Model->insert(Array)
#8 /home/ankitparastechno/public_html/ebikes/vendor/codeigniter4/framework/system/CodeIgniter.php(832): App\Controllers\Api->create_booking()
#9 /home/ankitparastechno/public_html/ebikes/vendor/codeigniter4/framework/system/CodeIgniter.php(419): CodeIgniter\CodeIgniter->runController(Object(App\Controllers\Api))
#10 /home/ankitparastechno/public_html/ebikes/vendor/codeigniter4/framework/system/CodeIgniter.php(326): CodeIgniter\CodeIgniter->handleRequest(NULL, Object(Config\Cache), false)
#11 /home/ankitparastechno/public_html/ebikes/index.php(37): CodeIgniter\CodeIgniter->run()
#12 {main}
ERROR - 2022-06-22 05:13:35 --> Unknown column 'addon' in 'field list'
CRITICAL - 2022-06-22 05:13:35 --> Unknown column 'addon' in 'field list'
#0 /home/ankitparastechno/public_html/ebikes/vendor/codeigniter4/framework/system/Database/MySQLi/Connection.php(292): mysqli->query('INSERT INTO `bo...', 0)
#1 /home/ankitparastechno/public_html/ebikes/vendor/codeigniter4/framework/system/Database/BaseConnection.php(670): CodeIgniter\Database\MySQLi\Connection->execute('INSERT INTO `bo...')
#2 /home/ankitparastechno/public_html/ebikes/vendor/codeigniter4/framework/system/Database/BaseConnection.php(598): CodeIgniter\Database\BaseConnection->simpleQuery('INSERT INTO `bo...')
#3 /home/ankitparastechno/public_html/ebikes/vendor/codeigniter4/framework/system/Database/BaseBuilder.php(1771): CodeIgniter\Database\BaseConnection->query('INSERT INTO `bo...', Array, false)
#4 /home/ankitparastechno/public_html/ebikes/vendor/codeigniter4/framework/system/Model.php(239): CodeIgniter\Database\BaseBuilder->insert()
#5 /home/ankitparastechno/public_html/ebikes/vendor/codeigniter4/framework/system/BaseModel.php(738): CodeIgniter\Model->doInsert(Array)
#6 /home/ankitparastechno/public_html/ebikes/vendor/codeigniter4/framework/system/Model.php(625): CodeIgniter\BaseModel->insert(Array, true)
#7 /home/ankitparastechno/public_html/ebikes/app/Controllers/Api.php(285): CodeIgniter\Model->insert(Array)
#8 /home/ankitparastechno/public_html/ebikes/vendor/codeigniter4/framework/system/CodeIgniter.php(832): App\Controllers\Api->create_booking()
#9 /home/ankitparastechno/public_html/ebikes/vendor/codeigniter4/framework/system/CodeIgniter.php(419): CodeIgniter\CodeIgniter->runController(Object(App\Controllers\Api))
#10 /home/ankitparastechno/public_html/ebikes/vendor/codeigniter4/framework/system/CodeIgniter.php(326): CodeIgniter\CodeIgniter->handleRequest(NULL, Object(Config\Cache), false)
#11 /home/ankitparastechno/public_html/ebikes/index.php(37): CodeIgniter\CodeIgniter->run()
#12 {main}
