CRITICAL - 2022-06-01 05:07:14 --> finfo_file(/tmp/phptAfron): failed to open stream: No such file or directory
#0 [internal function]: CodeIgniter\Debug\Exceptions->errorHandler(2, 'finfo_file(/tmp...', '/home/ankitpara...', 109, Array)
#1 /home/ankitparastechno/public_html/ebikes/vendor/codeigniter4/framework/system/Files/File.php(109): finfo_file(Resource id #154, '/tmp/phptAfron')
#2 /home/ankitparastechno/public_html/ebikes/vendor/codeigniter4/framework/system/HTTP/Files/UploadedFile.php(302): CodeIgniter\Files\File->getMimeType()
#3 /home/ankitparastechno/public_html/ebikes/vendor/codeigniter4/framework/system/HTTP/Files/UploadedFile.php(291): CodeIgniter\HTTP\Files\UploadedFile->guessExtension()
#4 /home/ankitparastechno/public_html/ebikes/vendor/codeigniter4/framework/system/Files/File.php(121): CodeIgniter\HTTP\Files\UploadedFile->getExtension()
#5 /home/ankitparastechno/public_html/ebikes/vendor/codeigniter4/framework/system/HTTP/Files/UploadedFile.php(338): CodeIgniter\Files\File->getRandomName()
#6 /home/ankitparastechno/public_html/ebikes/app/Controllers/Api.php(195): CodeIgniter\HTTP\Files\UploadedFile->store()
#7 /home/ankitparastechno/public_html/ebikes/app/Controllers/Api.php(140): App\Controllers\Api->upload_file_on_server()
#8 /home/ankitparastechno/public_html/ebikes/vendor/codeigniter4/framework/system/CodeIgniter.php(832): App\Controllers\Api->upload_profile_photo()
#9 /home/ankitparastechno/public_html/ebikes/vendor/codeigniter4/framework/system/CodeIgniter.php(419): CodeIgniter\CodeIgniter->runController(Object(App\Controllers\Api))
#10 /home/ankitparastechno/public_html/ebikes/vendor/codeigniter4/framework/system/CodeIgniter.php(326): CodeIgniter\CodeIgniter->handleRequest(NULL, Object(Config\Cache), false)
#11 /home/ankitparastechno/public_html/ebikes/index.php(37): CodeIgniter\CodeIgniter->run()
#12 {main}
CRITICAL - 2022-06-01 05:07:14 --> Uncaught CodeIgniter\Format\Exceptions\FormatException: Failed to parse json string, error: "Type is not supported". in /home/ankitparastechno/public_html/ebikes/vendor/codeigniter4/framework/system/Format/JSONFormatter.php:41
Stack trace:
#0 /home/ankitparastechno/public_html/ebikes/vendor/codeigniter4/framework/system/Format/JSONFormatter.php(41): CodeIgniter\Format\Exceptions\FormatException::forInvalidJSON('Type is not sup...')
#1 /home/ankitparastechno/public_html/ebikes/vendor/codeigniter4/framework/system/API/ResponseTrait.php(341): CodeIgniter\Format\JSONFormatter->format(Array)
#2 /home/ankitparastechno/public_html/ebikes/vendor/codeigniter4/framework/system/API/ResponseTrait.php(99): CodeIgniter\Debug\Exceptions->format(Array)
#3 /home/ankitparastechno/public_html/ebikes/vendor/codeigniter4/framework/system/Debug/Exceptions.php(115): CodeIgniter\Debug\Exceptions->respond(Array, 500)
#4 [internal function]: CodeIgniter\Debug\Exceptions->exceptionHandler(Object(ErrorException))
#5 {main}
  thrown
#0 [internal function]: CodeIgniter\Debug\Exceptions->shutdownHandler()
#1 {main}
CRITICAL - 2022-06-01 05:09:32 --> finfo_file(/tmp/phpy1AQa6): failed to open stream: No such file or directory
#0 [internal function]: CodeIgniter\Debug\Exceptions->errorHandler(2, 'finfo_file(/tmp...', '/home/ankitpara...', 109, Array)
#1 /home/ankitparastechno/public_html/ebikes/vendor/codeigniter4/framework/system/Files/File.php(109): finfo_file(Resource id #154, '/tmp/phpy1AQa6')
#2 /home/ankitparastechno/public_html/ebikes/vendor/codeigniter4/framework/system/HTTP/Files/UploadedFile.php(302): CodeIgniter\Files\File->getMimeType()
#3 /home/ankitparastechno/public_html/ebikes/vendor/codeigniter4/framework/system/HTTP/Files/UploadedFile.php(291): CodeIgniter\HTTP\Files\UploadedFile->guessExtension()
#4 /home/ankitparastechno/public_html/ebikes/vendor/codeigniter4/framework/system/Files/File.php(121): CodeIgniter\HTTP\Files\UploadedFile->getExtension()
#5 /home/ankitparastechno/public_html/ebikes/vendor/codeigniter4/framework/system/HTTP/Files/UploadedFile.php(338): CodeIgniter\Files\File->getRandomName()
#6 /home/ankitparastechno/public_html/ebikes/app/Controllers/Api.php(195): CodeIgniter\HTTP\Files\UploadedFile->store()
#7 /home/ankitparastechno/public_html/ebikes/app/Controllers/Api.php(140): App\Controllers\Api->upload_file_on_server()
#8 /home/ankitparastechno/public_html/ebikes/vendor/codeigniter4/framework/system/CodeIgniter.php(832): App\Controllers\Api->upload_profile_photo()
#9 /home/ankitparastechno/public_html/ebikes/vendor/codeigniter4/framework/system/CodeIgniter.php(419): CodeIgniter\CodeIgniter->runController(Object(App\Controllers\Api))
#10 /home/ankitparastechno/public_html/ebikes/vendor/codeigniter4/framework/system/CodeIgniter.php(326): CodeIgniter\CodeIgniter->handleRequest(NULL, Object(Config\Cache), false)
#11 /home/ankitparastechno/public_html/ebikes/index.php(37): CodeIgniter\CodeIgniter->run()
#12 {main}
CRITICAL - 2022-06-01 05:09:32 --> Uncaught CodeIgniter\Format\Exceptions\FormatException: Failed to parse json string, error: "Type is not supported". in /home/ankitparastechno/public_html/ebikes/vendor/codeigniter4/framework/system/Format/JSONFormatter.php:41
Stack trace:
#0 /home/ankitparastechno/public_html/ebikes/vendor/codeigniter4/framework/system/Format/JSONFormatter.php(41): CodeIgniter\Format\Exceptions\FormatException::forInvalidJSON('Type is not sup...')
#1 /home/ankitparastechno/public_html/ebikes/vendor/codeigniter4/framework/system/API/ResponseTrait.php(341): CodeIgniter\Format\JSONFormatter->format(Array)
#2 /home/ankitparastechno/public_html/ebikes/vendor/codeigniter4/framework/system/API/ResponseTrait.php(99): CodeIgniter\Debug\Exceptions->format(Array)
#3 /home/ankitparastechno/public_html/ebikes/vendor/codeigniter4/framework/system/Debug/Exceptions.php(115): CodeIgniter\Debug\Exceptions->respond(Array, 500)
#4 [internal function]: CodeIgniter\Debug\Exceptions->exceptionHandler(Object(ErrorException))
#5 {main}
  thrown
#0 [internal function]: CodeIgniter\Debug\Exceptions->shutdownHandler()
#1 {main}
CRITICAL - 2022-06-01 05:25:44 --> finfo_file(/tmp/php1jq13M): failed to open stream: No such file or directory
#0 [internal function]: CodeIgniter\Debug\Exceptions->errorHandler(2, 'finfo_file(/tmp...', '/home/ankitpara...', 109, Array)
#1 /home/ankitparastechno/public_html/ebikes/vendor/codeigniter4/framework/system/Files/File.php(109): finfo_file(Resource id #154, '/tmp/php1jq13M')
#2 /home/ankitparastechno/public_html/ebikes/vendor/codeigniter4/framework/system/HTTP/Files/UploadedFile.php(302): CodeIgniter\Files\File->getMimeType()
#3 /home/ankitparastechno/public_html/ebikes/vendor/codeigniter4/framework/system/HTTP/Files/UploadedFile.php(291): CodeIgniter\HTTP\Files\UploadedFile->guessExtension()
#4 /home/ankitparastechno/public_html/ebikes/vendor/codeigniter4/framework/system/Files/File.php(121): CodeIgniter\HTTP\Files\UploadedFile->getExtension()
#5 /home/ankitparastechno/public_html/ebikes/vendor/codeigniter4/framework/system/HTTP/Files/UploadedFile.php(338): CodeIgniter\Files\File->getRandomName()
#6 /home/ankitparastechno/public_html/ebikes/app/Controllers/Api.php(195): CodeIgniter\HTTP\Files\UploadedFile->store()
#7 /home/ankitparastechno/public_html/ebikes/app/Controllers/Api.php(140): App\Controllers\Api->upload_file_on_server()
#8 /home/ankitparastechno/public_html/ebikes/vendor/codeigniter4/framework/system/CodeIgniter.php(832): App\Controllers\Api->upload_profile_photo()
#9 /home/ankitparastechno/public_html/ebikes/vendor/codeigniter4/framework/system/CodeIgniter.php(419): CodeIgniter\CodeIgniter->runController(Object(App\Controllers\Api))
#10 /home/ankitparastechno/public_html/ebikes/vendor/codeigniter4/framework/system/CodeIgniter.php(326): CodeIgniter\CodeIgniter->handleRequest(NULL, Object(Config\Cache), false)
#11 /home/ankitparastechno/public_html/ebikes/index.php(37): CodeIgniter\CodeIgniter->run()
#12 {main}
CRITICAL - 2022-06-01 05:25:44 --> Uncaught CodeIgniter\Format\Exceptions\FormatException: Failed to parse json string, error: "Type is not supported". in /home/ankitparastechno/public_html/ebikes/vendor/codeigniter4/framework/system/Format/JSONFormatter.php:41
Stack trace:
#0 /home/ankitparastechno/public_html/ebikes/vendor/codeigniter4/framework/system/Format/JSONFormatter.php(41): CodeIgniter\Format\Exceptions\FormatException::forInvalidJSON('Type is not sup...')
#1 /home/ankitparastechno/public_html/ebikes/vendor/codeigniter4/framework/system/API/ResponseTrait.php(341): CodeIgniter\Format\JSONFormatter->format(Array)
#2 /home/ankitparastechno/public_html/ebikes/vendor/codeigniter4/framework/system/API/ResponseTrait.php(99): CodeIgniter\Debug\Exceptions->format(Array)
#3 /home/ankitparastechno/public_html/ebikes/vendor/codeigniter4/framework/system/Debug/Exceptions.php(115): CodeIgniter\Debug\Exceptions->respond(Array, 500)
#4 [internal function]: CodeIgniter\Debug\Exceptions->exceptionHandler(Object(ErrorException))
#5 {main}
  thrown
#0 [internal function]: CodeIgniter\Debug\Exceptions->shutdownHandler()
#1 {main}
CRITICAL - 2022-06-01 05:53:13 --> Class 'App\Controllers\File' not found
#0 /home/ankitparastechno/public_html/ebikes/app/Controllers/Api.php(140): App\Controllers\Api->upload_file_on_server()
#1 /home/ankitparastechno/public_html/ebikes/vendor/codeigniter4/framework/system/CodeIgniter.php(832): App\Controllers\Api->upload_profile_photo()
#2 /home/ankitparastechno/public_html/ebikes/vendor/codeigniter4/framework/system/CodeIgniter.php(419): CodeIgniter\CodeIgniter->runController(Object(App\Controllers\Api))
#3 /home/ankitparastechno/public_html/ebikes/vendor/codeigniter4/framework/system/CodeIgniter.php(326): CodeIgniter\CodeIgniter->handleRequest(NULL, Object(Config\Cache), false)
#4 /home/ankitparastechno/public_html/ebikes/index.php(37): CodeIgniter\CodeIgniter->run()
#5 {main}
CRITICAL - 2022-06-01 06:19:12 --> Class 'App\Controllers\File' not found
#0 /home/ankitparastechno/public_html/ebikes/app/Controllers/Api.php(141): App\Controllers\Api->upload_file_on_server()
#1 /home/ankitparastechno/public_html/ebikes/vendor/codeigniter4/framework/system/CodeIgniter.php(832): App\Controllers\Api->upload_profile_photo()
#2 /home/ankitparastechno/public_html/ebikes/vendor/codeigniter4/framework/system/CodeIgniter.php(419): CodeIgniter\CodeIgniter->runController(Object(App\Controllers\Api))
#3 /home/ankitparastechno/public_html/ebikes/vendor/codeigniter4/framework/system/CodeIgniter.php(326): CodeIgniter\CodeIgniter->handleRequest(NULL, Object(Config\Cache), false)
#4 /home/ankitparastechno/public_html/ebikes/index.php(37): CodeIgniter\CodeIgniter->run()
#5 {main}
CRITICAL - 2022-06-01 07:37:39 --> Undefined index: file_name
#0 /home/ankitparastechno/public_html/ebikes/app/Controllers/Api.php(110): CodeIgniter\Debug\Exceptions->errorHandler(8, 'Undefined index...', '/home/ankitpara...', 110, Array)
#1 /home/ankitparastechno/public_html/ebikes/vendor/codeigniter4/framework/system/CodeIgniter.php(832): App\Controllers\Api->create_profile()
#2 /home/ankitparastechno/public_html/ebikes/vendor/codeigniter4/framework/system/CodeIgniter.php(419): CodeIgniter\CodeIgniter->runController(Object(App\Controllers\Api))
#3 /home/ankitparastechno/public_html/ebikes/vendor/codeigniter4/framework/system/CodeIgniter.php(326): CodeIgniter\CodeIgniter->handleRequest(NULL, Object(Config\Cache), false)
#4 /home/ankitparastechno/public_html/ebikes/index.php(37): CodeIgniter\CodeIgniter->run()
#5 {main}
